--------------------------------------------------------------------------------------------------------
       log:  H:\Barbed Wire\QJE\Replication\Analyze data\kansas_log.log
  log type:  text
 opened on:  23 Apr 2009, 15:00:17

. 
. clear

. insheet using kansas.txt, tab
(65 vars, 7035 obs)

. reshape long y, i(county var) j(year)
(note: j = 1874 1875 1876 1877 1878 1879 1880 1881 1882 1883 1884 1885 1886 1887 1888 1889 1890 1891 189
> 2 1893 1894 1895 1896 1897 1898 1899 1900 1901 1902 1903 1904 1905 1906 1907 1908 1909 1910 1911 1912 
> 1913 1914 1915 1916 1917 1918 1919 1920 1921 1922 1923 1924 1925 1926 1927 1928 1929 1930 1931 1932 19
> 33 1934 1935 1936)

Data                               wide   ->   long
-----------------------------------------------------------------------------
Number of obs.                     7035   ->  443205
Number of variables                  65   ->       4
j variable (63 values)                    ->   year
xij variables:
                  y1874 y1875 ... y1936   ->   y
-----------------------------------------------------------------------------

. reshape wide y, i(county year) j(var)
(note: j = 1 2 3 4 5 6 7 8 9 10 11 12 13 14 15 16 17 18 19 20 21 22 23 24 25 26 27 28 29 30 31 32 33 34 
> 35 36 37 38 39 40 41 42 43 44 45 46 47 48 49 50 51 52 53 54 55 56 57 58 59 60 61 62 63 64 65 66 67)

Data                               long   ->   wide
-----------------------------------------------------------------------------
Number of obs.                   443205   ->    6615
Number of variables                   4   ->      69
j variable (67 values)              var   ->   (dropped)
xij variables:
                                      y   ->   y1 y2 ... y67
-----------------------------------------------------------------------------

. 
. rename y1 wwheat_s

. rename y2 wwheat_a

. rename y3 wwheat_y

. rename y4 wwheat_v

. rename y5 swheat_s

. rename y6 swheat_a

. rename y7 swheat_y

. rename y8 swheat_v

. rename y9 corn_s

. rename y10 corn_a

. rename y11 corn_y

. rename y12 corn_v

. rename y13 oats_s

. rename y14 oats_a

. rename y15 oats_y

. rename y16 oats_v

. rename y17 hay_a

. rename y18 hay_y

. rename y19 hay_v

. rename y20 meadow_a

. rename y21 meadow_y

. rename y22 meadow_v

. rename y23 pasture_a

. rename y24 thay_y

. rename y25 thay_v

. drop y26-y67

. 
. sort county

. merge county using timber.dta, uniqusing
variable county does not uniquely identify observations in the master data

. keep if _merge==3
(3465 observations deleted)

. drop _merge

. 
. gen lnwheat_p = ln(wwheat_y/wwheat_a)

. gen lncorn_p = ln(corn_y/corn_a)
(22 missing values generated)

. gen lnoats_p = ln(oats_y/oats_a)
(105 missing values generated)

. keep lnwheat_p lncorn_p lnoats_p timber county year

. rename lnwheat_p p1

. rename lncorn_p p2

. rename lnoats_p p3

. reshape long p, i(county year) j(crop)
(note: j = 1 2 3)

Data                               wide   ->   long
-----------------------------------------------------------------------------
Number of obs.                     3150   ->    9450
Number of variables                   6   ->       5
j variable (3 values)                     ->   crop
xij variables:
                               p1 p2 p3   ->   p
-----------------------------------------------------------------------------

. 
. gen double year_crop = year*10+crop

. gen double county_crop = county*10+crop

. tab county_crop, gen(cc_)

county_crop |      Freq.     Percent        Cum.
------------+-----------------------------------
         11 |         63        0.67        0.67
         12 |         63        0.67        1.33
         13 |         63        0.67        2.00
         21 |         63        0.67        2.67
         22 |         63        0.67        3.33
         23 |         63        0.67        4.00
         31 |         63        0.67        4.67
         32 |         63        0.67        5.33
         33 |         63        0.67        6.00
         61 |         63        0.67        6.67
         62 |         63        0.67        7.33
         63 |         63        0.67        8.00
         71 |         63        0.67        8.67
         72 |         63        0.67        9.33
         73 |         63        0.67       10.00
         81 |         63        0.67       10.67
         82 |         63        0.67       11.33
         83 |         63        0.67       12.00
         91 |         63        0.67       12.67
         92 |         63        0.67       13.33
         93 |         63        0.67       14.00
        141 |         63        0.67       14.67
        142 |         63        0.67       15.33
        143 |         63        0.67       16.00
        151 |         63        0.67       16.67
        152 |         63        0.67       17.33
        153 |         63        0.67       18.00
        161 |         63        0.67       18.67
        162 |         63        0.67       19.33
        163 |         63        0.67       20.00
        191 |         63        0.67       20.67
        192 |         63        0.67       21.33
        193 |         63        0.67       22.00
        211 |         63        0.67       22.67
        212 |         63        0.67       23.33
        213 |         63        0.67       24.00
        221 |         63        0.67       24.67
        222 |         63        0.67       25.33
        223 |         63        0.67       26.00
        231 |         63        0.67       26.67
        232 |         63        0.67       27.33
        233 |         63        0.67       28.00
        271 |         63        0.67       28.67
        272 |         63        0.67       29.33
        273 |         63        0.67       30.00
        301 |         63        0.67       30.67
        302 |         63        0.67       31.33
        303 |         63        0.67       32.00
        371 |         63        0.67       32.67
        372 |         63        0.67       33.33
        373 |         63        0.67       34.00
        431 |         63        0.67       34.67
        432 |         63        0.67       35.33
        433 |         63        0.67       36.00
        441 |         63        0.67       36.67
        442 |         63        0.67       37.33
        443 |         63        0.67       38.00
        451 |         63        0.67       38.67
        452 |         63        0.67       39.33
        453 |         63        0.67       40.00
        461 |         63        0.67       40.67
        462 |         63        0.67       41.33
        463 |         63        0.67       42.00
        501 |         63        0.67       42.67
        502 |         63        0.67       43.33
        503 |         63        0.67       44.00
        521 |         63        0.67       44.67
        522 |         63        0.67       45.33
        523 |         63        0.67       46.00
        531 |         63        0.67       46.67
        532 |         63        0.67       47.33
        533 |         63        0.67       48.00
        541 |         63        0.67       48.67
        542 |         63        0.67       49.33
        543 |         63        0.67       50.00
        561 |         63        0.67       50.67
        562 |         63        0.67       51.33
        563 |         63        0.67       52.00
        571 |         63        0.67       52.67
        572 |         63        0.67       53.33
        573 |         63        0.67       54.00
        581 |         63        0.67       54.67
        582 |         63        0.67       55.33
        583 |         63        0.67       56.00
        591 |         63        0.67       56.67
        592 |         63        0.67       57.33
        593 |         63        0.67       58.00
        611 |         63        0.67       58.67
        612 |         63        0.67       59.33
        613 |         63        0.67       60.00
        621 |         63        0.67       60.67
        622 |         63        0.67       61.33
        623 |         63        0.67       62.00
        641 |         63        0.67       62.67
        642 |         63        0.67       63.33
        643 |         63        0.67       64.00
        661 |         63        0.67       64.67
        662 |         63        0.67       65.33
        663 |         63        0.67       66.00
        671 |         63        0.67       66.67
        672 |         63        0.67       67.33
        673 |         63        0.67       68.00
        701 |         63        0.67       68.67
        702 |         63        0.67       69.33
        703 |         63        0.67       70.00
        711 |         63        0.67       70.67
        712 |         63        0.67       71.33
        713 |         63        0.67       72.00
        721 |         63        0.67       72.67
        722 |         63        0.67       73.33
        723 |         63        0.67       74.00
        751 |         63        0.67       74.67
        752 |         63        0.67       75.33
        753 |         63        0.67       76.00
        791 |         63        0.67       76.67
        792 |         63        0.67       77.33
        793 |         63        0.67       78.00
        801 |         63        0.67       78.67
        802 |         63        0.67       79.33
        803 |         63        0.67       80.00
        811 |         63        0.67       80.67
        812 |         63        0.67       81.33
        813 |         63        0.67       82.00
        851 |         63        0.67       82.67
        852 |         63        0.67       83.33
        853 |         63        0.67       84.00
        871 |         63        0.67       84.67
        872 |         63        0.67       85.33
        873 |         63        0.67       86.00
        891 |         63        0.67       86.67
        892 |         63        0.67       87.33
        893 |         63        0.67       88.00
        921 |         63        0.67       88.67
        922 |         63        0.67       89.33
        923 |         63        0.67       90.00
        991 |         63        0.67       90.67
        992 |         63        0.67       91.33
        993 |         63        0.67       92.00
       1011 |         63        0.67       92.67
       1012 |         63        0.67       93.33
       1013 |         63        0.67       94.00
       1031 |         63        0.67       94.67
       1032 |         63        0.67       95.33
       1033 |         63        0.67       96.00
       1041 |         63        0.67       96.67
       1042 |         63        0.67       97.33
       1043 |         63        0.67       98.00
       1051 |         63        0.67       98.67
       1052 |         63        0.67       99.33
       1053 |         63        0.67      100.00
------------+-----------------------------------
      Total |      9,450      100.00

. 
. gen t = timber

. gen s = timber^2

. gen c = timber^3

. gen q = timber^4

. 
. foreach i of numlist 1874(1)1936 {
  2. gen y_`i'_t = t*(year==`i')
  3. gen y_`i'_s = s*(year==`i')
  4. gen y_`i'_c = c*(year==`i')
  5. gen y_`i'_q = q*(year==`i')
  6. }

. 
end of do-file

. browse

. tab county

     county |      Freq.     Percent        Cum.
------------+-----------------------------------
          1 |        189        2.00        2.00
          2 |        189        2.00        4.00
          3 |        189        2.00        6.00
          6 |        189        2.00        8.00
          7 |        189        2.00       10.00
          8 |        189        2.00       12.00
          9 |        189        2.00       14.00
         14 |        189        2.00       16.00
         15 |        189        2.00       18.00
         16 |        189        2.00       20.00
         19 |        189        2.00       22.00
         21 |        189        2.00       24.00
         22 |        189        2.00       26.00
         23 |        189        2.00       28.00
         27 |        189        2.00       30.00
         30 |        189        2.00       32.00
         37 |        189        2.00       34.00
         43 |        189        2.00       36.00
         44 |        189        2.00       38.00
         45 |        189        2.00       40.00
         46 |        189        2.00       42.00
         50 |        189        2.00       44.00
         52 |        189        2.00       46.00
         53 |        189        2.00       48.00
         54 |        189        2.00       50.00
         56 |        189        2.00       52.00
         57 |        189        2.00       54.00
         58 |        189        2.00       56.00
         59 |        189        2.00       58.00
         61 |        189        2.00       60.00
         62 |        189        2.00       62.00
         64 |        189        2.00       64.00
         66 |        189        2.00       66.00
         67 |        189        2.00       68.00
         70 |        189        2.00       70.00
         71 |        189        2.00       72.00
         72 |        189        2.00       74.00
         75 |        189        2.00       76.00
         79 |        189        2.00       78.00
         80 |        189        2.00       80.00
         81 |        189        2.00       82.00
         85 |        189        2.00       84.00
         87 |        189        2.00       86.00
         89 |        189        2.00       88.00
         92 |        189        2.00       90.00
         99 |        189        2.00       92.00
        101 |        189        2.00       94.00
        103 |        189        2.00       96.00
        104 |        189        2.00       98.00
        105 |        189        2.00      100.00
------------+-----------------------------------
      Total |      9,450      100.00

. browse

. exit, clear
